python train_wrn_faster.py -a resnet18 --data /shared/imagenet --epochs 15 --gpu 0 -b 512 --wd 0.00001 --vis -j 8 --lr 3 --blr 0.01 --elr 0.00005


2021-01-22 15:46:16,642 - [line:86]: save log to ./runs/SCE/imagenet/0122154616@resnet18-epochs=15-sgd-lr=3.0-weight_decay=1e-05-batch_size=512@87667
2021-01-22 15:46:16,846 - Use GPU: 0 for training
2021-01-22 15:46:16,847 - => creating model 'resnet18'
2021-01-22 16:10:39,496 - * Acc@1 23.970 Acc@5 48.258
2021-01-22 16:10:39,500 - 0 loss: 3.6940,acc1: 23.9700,acc5: 48.2580
2021-01-22 16:10:39,501 - epoch 0, time 1453.94
2021-01-22 16:34:57,549 - * Acc@1 36.986 Acc@5 63.770
2021-01-22 16:34:57,551 - 1 loss: 2.8804,acc1: 36.9860,acc5: 63.7700
2021-01-22 16:34:57,551 - epoch 1, time 1457.36
2021-01-22 16:59:42,582 - * Acc@1 40.714 Acc@5 67.342
2021-01-22 16:59:42,584 - 2 loss: 2.6817,acc1: 40.7140,acc5: 67.3420
2021-01-22 16:59:42,584 - epoch 2, time 1483.84
2021-01-22 17:24:34,515 - * Acc@1 42.162 Acc@5 68.434
2021-01-22 17:24:34,517 - 3 loss: 2.6110,acc1: 42.1620,acc5: 68.4340
2021-01-22 17:24:34,517 - epoch 3, time 1490.32
2021-01-22 17:49:26,897 - * Acc@1 44.558 Acc@5 71.034
2021-01-22 17:49:26,899 - 4 loss: 2.4561,acc1: 44.5580,acc5: 71.0340
2021-01-22 17:49:26,900 - epoch 4, time 1490.65
2021-01-22 18:14:11,194 - * Acc@1 46.176 Acc@5 72.302
2021-01-22 18:14:11,196 - 5 loss: 2.3826,acc1: 46.1760,acc5: 72.3020
2021-01-22 18:14:11,196 - epoch 5, time 1482.92
2021-01-22 18:39:38,890 - * Acc@1 47.754 Acc@5 73.694
2021-01-22 18:39:38,892 - 6 loss: 2.2953,acc1: 47.7540,acc5: 73.6940
2021-01-22 18:39:38,892 - epoch 6, time 1526.86
2021-01-22 19:04:29,155 - * Acc@1 49.168 Acc@5 74.670
2021-01-22 19:04:29,157 - 7 loss: 2.2321,acc1: 49.1680,acc5: 74.6700
2021-01-22 19:04:29,157 - epoch 7, time 1489.45
2021-01-22 19:29:19,422 - * Acc@1 50.356 Acc@5 75.674
2021-01-22 19:29:19,424 - 8 loss: 2.1621,acc1: 50.3560,acc5: 75.6740
2021-01-22 19:29:19,424 - epoch 8, time 1489.53
2021-01-22 19:54:06,935 - * Acc@1 51.498 Acc@5 76.488
2021-01-22 19:54:06,937 - 9 loss: 2.1170,acc1: 51.4980,acc5: 76.4880
2021-01-22 19:54:06,937 - epoch 9, time 1486.42
2021-01-22 20:19:00,733 - * Acc@1 53.696 Acc@5 77.984
2021-01-22 20:19:00,735 - 10 loss: 2.0131,acc1: 53.6960,acc5: 77.9840
2021-01-22 20:19:00,735 - epoch 10, time 1492.87
2021-01-22 20:43:53,249 - * Acc@1 55.002 Acc@5 79.454
2021-01-22 20:43:53,251 - 11 loss: 1.9224,acc1: 55.0020,acc5: 79.4540
2021-01-22 20:43:53,251 - epoch 11, time 1491.34
2021-01-22 21:08:50,772 - * Acc@1 56.494 Acc@5 80.628
2021-01-22 21:08:50,775 - 12 loss: 1.8500,acc1: 56.4940,acc5: 80.6280
2021-01-22 21:08:50,775 - epoch 12, time 1496.42
2021-01-22 21:33:48,544 - * Acc@1 59.952 Acc@5 83.170
2021-01-22 21:33:48,545 - 13 loss: 1.6688,acc1: 59.9520,acc5: 83.1700
2021-01-22 21:33:48,546 - epoch 13, time 1493.14
2021-01-22 21:58:49,258 - * Acc@1 64.830 Acc@5 86.058
2021-01-22 21:58:49,259 - 14 loss: 1.4640,acc1: 64.8300,acc5: 86.0580
2021-01-22 21:58:49,260 - epoch 14, time 1499.76
2021-01-22 21:58:50,320 - num epoch 15, time 22343.71
2021-01-22 21:58:50,337 - save log to ./runs/SCE/imagenet/0122154616@resnet18-epochs=15-sgd-lr=3.0-weight_decay=1e-05-batch_size=512@87667
