maxlr = 1, min lr = 0.05, epochs=12, wd=5e-6

2021-01-21 00:38:44,212 - train_wrn_faster.py[line:84]: save log to ./runs/SCE/imagenet/0121003844@resnet50-epochs=12-sgd-lr=0.05-weight_decay=5e-06-decay_epochs=[60, 75, 90]@12370
2021-01-21 00:38:44,270 - Use GPU: 0 for training
2021-01-21 00:38:44,270 - => creating model 'resnet50'
2021-01-21 02:07:24,775 - * Acc@1 19.812 Acc@5 41.944
2021-01-21 02:07:24,777 - 0 loss: 4.0060,acc1: 19.8120,acc5: 41.9440
2021-01-21 02:07:24,777 - epoch 0, time 5311.65
2021-01-21 03:23:02,891 - * Acc@1 39.202 Acc@5 65.282
2021-01-21 03:23:02,893 - 1 loss: 2.7882,acc1: 39.2020,acc5: 65.2820
2021-01-21 03:23:02,893 - epoch 1, time 4536.36
2021-01-21 04:38:42,943 - * Acc@1 48.850 Acc@5 74.132
2021-01-21 04:38:42,945 - 2 loss: 2.2510,acc1: 48.8500,acc5: 74.1320
2021-01-21 04:38:42,945 - epoch 2, time 4536.23
2021-01-21 05:54:41,632 - * Acc@1 52.878 Acc@5 77.696
2021-01-21 05:54:41,634 - 3 loss: 2.0394,acc1: 52.8780,acc5: 77.6960
2021-01-21 05:54:41,635 - epoch 3, time 4554.58
2021-01-21 07:10:49,031 - * Acc@1 56.012 Acc@5 79.998
2021-01-21 07:10:49,033 - 4 loss: 1.8879,acc1: 56.0120,acc5: 79.9980
2021-01-21 07:10:49,033 - epoch 4, time 4563.69
2021-01-21 08:26:54,706 - * Acc@1 58.206 Acc@5 81.792
2021-01-21 08:26:54,709 - 5 loss: 1.7733,acc1: 58.2060,acc5: 81.7920
2021-01-21 08:26:54,709 - epoch 5, time 4562.24
2021-01-21 09:43:09,491 - * Acc@1 59.648 Acc@5 82.760
2021-01-21 09:43:09,493 - 6 loss: 1.7063,acc1: 59.6480,acc5: 82.7600
2021-01-21 09:43:09,493 - epoch 6, time 4570.92
2021-01-21 10:59:16,252 - * Acc@1 61.734 Acc@5 84.162
2021-01-21 10:59:16,254 - 7 loss: 1.5930,acc1: 61.7340,acc5: 84.1620
2021-01-21 10:59:16,255 - epoch 7, time 4563.36
2021-01-21 12:15:20,581 - * Acc@1 63.984 Acc@5 85.654
2021-01-21 12:15:20,584 - 8 loss: 1.4954,acc1: 63.9840,acc5: 85.6540
2021-01-21 12:15:20,585 - epoch 8, time 4560.13
2021-01-21 13:31:25,974 - * Acc@1 66.762 Acc@5 87.338
2021-01-21 13:31:25,976 - 9 loss: 1.3691,acc1: 66.7620,acc5: 87.3380
2021-01-21 13:31:25,977 - epoch 9, time 4561.38
2021-01-21 14:47:28,299 - * Acc@1 69.326 Acc@5 88.880
2021-01-21 14:47:28,302 - 10 loss: 1.2615,acc1: 69.3260,acc5: 88.8800
2021-01-21 14:47:28,303 - epoch 10, time 4558.85
2021-01-21 16:03:35,646 - * Acc@1 70.444 Acc@5 89.476
2021-01-21 16:03:35,649 - 11 loss: 1.2136,acc1: 70.4440,acc5: 89.4760
2021-01-21 16:03:35,649 - epoch 11, time 4563.54
2021-01-21 16:03:39,375 - num epoch 12, time 55482.53
2021-01-21 16:03:39,593 - save log to ./runs/SCE/imagenet/0121003844@resnet50-epochs=12-sgd-lr=0.05-weight_decay=5e-06-decay_epochs=[60, 75, 90]@12370
